<?xml version="1.0" ?>
<!DOCTYPE coverage SYSTEM "http://cobertura.sourceforge.net/xml/coverage-04.dtd">
<coverage lines-valid="48" lines-covered="43" line-rate="0.8957999999999999" branches-valid="16" branches-covered="11" branch-rate="0.6875" timestamp="1538944282177" complexity="0" version="0.1">
  <sources>
    <source>/Users/naincy/TestProject/trello-App</source>
  </sources>
  <packages>
    <class name="index.js" filename="src/TrelloApp/index.js" line-rate="0.8957999999999999" branch-rate="0.6875">
      <methods>
        <method name="TrelloApp" hits="14" signature="()V">
          <lines>
            <line number="1" hits="14"/>
          </lines>
        </method>
        <method name="(anonymous_1)" hits="1" signature="()V">
          <lines>
            <line number="4" hits="1"/>
          </lines>
        </method>
        <method name="(anonymous_2)" hits="2" signature="()V">
          <lines>
            <line number="56" hits="2"/>
          </lines>
        </method>
        <method name="(anonymous_3)" hits="1" signature="()V">
          <lines>
            <line number="88" hits="1"/>
          </lines>
        </method>
        <method name="(anonymous_4)" hits="1" signature="()V">
          <lines>
            <line number="89" hits="1"/>
          </lines>
        </method>
        <method name="(anonymous_5)" hits="1" signature="()V">
          <lines>
            <line number="116" hits="1"/>
          </lines>
        </method>
        <method name="(anonymous_6)" hits="1" signature="()V">
          <lines>
            <line number="119" hits="1"/>
          </lines>
        </method>
        <method name="(anonymous_7)" hits="2" signature="()V">
          <lines>
            <line number="130" hits="2"/>
          </lines>
        </method>
      </methods>
      <lines>
        <line number="2" hits="14" branch="true" condition-coverage="80% (8/10)"/>
        <line number="4" hits="1" branch="false"/>
        <line number="5" hits="1" branch="false"/>
        <line number="6" hits="1" branch="false"/>
        <line number="9" hits="1" branch="false"/>
        <line number="20" hits="1" branch="false"/>
        <line number="21" hits="1" branch="false"/>
        <line number="27" hits="1" branch="false"/>
        <line number="28" hits="1" branch="false"/>
        <line number="29" hits="1" branch="false"/>
        <line number="40" hits="1" branch="false"/>
        <line number="41" hits="1" branch="false"/>
        <line number="43" hits="1" branch="false"/>
        <line number="45" hits="1" branch="false"/>
        <line number="46" hits="1" branch="false"/>
        <line number="56" hits="1" branch="false"/>
        <line number="57" hits="2" branch="true" condition-coverage="100% (2/2)"/>
        <line number="58" hits="1" branch="false"/>
        <line number="59" hits="1" branch="false"/>
        <line number="62" hits="1" branch="false"/>
        <line number="63" hits="1" branch="false"/>
        <line number="64" hits="1" branch="false"/>
        <line number="67" hits="1" branch="false"/>
        <line number="69" hits="1" branch="false"/>
        <line number="74" hits="1" branch="false"/>
        <line number="88" hits="1" branch="false"/>
        <line number="89" hits="1" branch="false"/>
        <line number="90" hits="1" branch="false"/>
        <line number="91" hits="1" branch="false"/>
        <line number="93" hits="1" branch="false"/>
        <line number="116" hits="1" branch="false"/>
        <line number="117" hits="1" branch="false"/>
        <line number="119" hits="1" branch="false"/>
        <line number="120" hits="1" branch="false"/>
        <line number="122" hits="1" branch="false"/>
        <line number="130" hits="2" branch="false"/>
        <line number="131" hits="1" branch="false"/>
        <line number="133" hits="1" branch="false"/>
        <line number="141" hits="1" branch="true" condition-coverage="50% (1/2)"/>
        <line number="142" hits="1" branch="false"/>
        <line number="149" hits="0" branch="true" condition-coverage="0% (0/2)"/>
        <line number="150" hits="0" branch="false"/>
        <line number="159" hits="1" branch="false"/>
        <line number="169" hits="0" branch="false"/>
        <line number="173" hits="0" branch="false"/>
        <line number="174" hits="0" branch="false"/>
        <line number="179" hits="7" branch="false"/>
        <line number="183" hits="1" branch="false"/>
      </lines>
    </class>
  </packages>
</coverage>
